# JRE version: OpenJDK Runtime Environment Temurin-21.0.9+10 (21.0.9+10) (build 21.0.9+10-LTS)
# Java VM: OpenJDK 64-Bit Server VM Temurin-21.0.9+10 (21.0.9+10-LTS, mixed mode, sharing, tiered, compressed oops, compressed class ptrs, parallel gc, windows-amd64)
GC Precious Log:
 CardTable entry size: 512
 CPUs: 8 total, 8 available
 Memory: 7379M
 Large Page Support: Disabled
 NUMA Support: Disabled
 Compressed Oops: Enabled (32-bit)
 Alignments: Space 512K, Generation 512K, Heap 2M
 Heap Min Capacity: 100M
 Heap Initial Capacity: 100M
 Heap Max Capacity: 2G
 Pre-touch: Disabled
 Parallel Workers: 8
Heap:
 PSYoungGen      total 13312K, used 5063K [0x00000000d5580000, 0x00000000d6400000, 0x0000000100000000)
  eden space 12800K, 37% used [0x00000000d5580000,0x00000000d5a39e08,0x00000000d6200000)
  from space 512K, 43% used [0x00000000d6380000,0x00000000d63b8000,0x00000000d6400000)
  to   space 512K, 0% used [0x00000000d6300000,0x00000000d6300000,0x00000000d6380000)
 ParOldGen       total 68608K, used 56536K [0x0000000080000000, 0x0000000084300000, 0x00000000d5580000)
  object space 68608K, 82% used [0x0000000080000000,0x0000000083736218,0x0000000084300000)
 Metaspace       used 58212K, committed 59584K, reserved 1114112K
  class space    used 6233K, committed 6848K, reserved 1048576K
GC Heap History (20 events):
Event: 52.101 GC heap before
{Heap before GC invocations=53 (full 2):
 PSYoungGen      total 15872K, used 15442K [0x00000000d5580000, 0x00000000d6680000, 0x0000000100000000)
  eden space 14848K, 100% used [0x00000000d5580000,0x00000000d6400000,0x00000000d6400000)
  from space 1024K, 58% used [0x00000000d6580000,0x00000000d6614940,0x00000000d6680000)
  to   space 1024K, 0% used [0x00000000d6480000,0x00000000d6480000,0x00000000d6580000)
 ParOldGen       total 68608K, used 52103K [0x0000000080000000, 0x0000000084300000, 0x00000000d5580000)
  object space 68608K, 75% used [0x0000000080000000,0x00000000832e1c98,0x0000000084300000)
 Metaspace       used 52625K, committed 53824K, reserved 1114112K
  class space    used 5656K, committed 6144K, reserved 1048576K
}
Event: 52.102 GC heap after
{Heap after GC invocations=53 (full 2):
 PSYoungGen      total 15872K, used 879K [0x00000000d5580000, 0x00000000d6600000, 0x0000000100000000)
  eden space 14848K, 0% used [0x00000000d5580000,0x00000000d5580000,0x00000000d6400000)
  from space 1024K, 85% used [0x00000000d6480000,0x00000000d655bcc8,0x00000000d6580000)
  to   space 512K, 0% used [0x00000000d6580000,0x00000000d6580000,0x00000000d6600000)
 ParOldGen       total 68608K, used 52479K [0x0000000080000000, 0x0000000084300000, 0x00000000d5580000)
  object space 68608K, 76% used [0x0000000080000000,0x000000008333fc98,0x0000000084300000)
 Metaspace       used 52625K, committed 53824K, reserved 1114112K
  class space    used 5656K, committed 6144K, reserved 1048576K
}
Event: 52.306 GC heap before
{Heap before GC invocations=54 (full 2):
 PSYoungGen      total 15872K, used 15724K [0x00000000d5580000, 0x00000000d6600000, 0x0000000100000000)
  eden space 14848K, 99% used [0x00000000d5580000,0x00000000d63ff5f0,0x00000000d6400000)
  from space 1024K, 85% used [0x00000000d6480000,0x00000000d655bcc8,0x00000000d6580000)
  to   space 512K, 0% used [0x00000000d6580000,0x00000000d6580000,0x00000000d6600000)
 ParOldGen       total 68608K, used 52479K [0x0000000080000000, 0x0000000084300000, 0x00000000d5580000)
  object space 68608K, 76% used [0x0000000080000000,0x000000008333fc98,0x0000000084300000)
 Metaspace       used 52952K, committed 54144K, reserved 1114112K
  class space    used 5686K, committed 6208K, reserved 1048576K
}
Event: 52.308 GC heap after
{Heap after GC invocations=54 (full 2):
 PSYoungGen      total 15360K, used 505K [0x00000000d5580000, 0x00000000d6700000, 0x0000000100000000)
  eden space 14848K, 0% used [0x00000000d5580000,0x00000000d5580000,0x00000000d6400000)
  from space 512K, 98% used [0x00000000d6580000,0x00000000d65fe510,0x00000000d6600000)
  to   space 1536K, 0% used [0x00000000d6400000,0x00000000d6400000,0x00000000d6580000)
 ParOldGen       total 68608K, used 53259K [0x0000000080000000, 0x0000000084300000, 0x00000000d5580000)
  object space 68608K, 77% used [0x0000000080000000,0x0000000083402dd8,0x0000000084300000)
 Metaspace       used 52952K, committed 54144K, reserved 1114112K
  class space    used 5686K, committed 6208K, reserved 1048576K
}
Event: 52.624 GC heap before
{Heap before GC invocations=55 (full 2):
 PSYoungGen      total 15360K, used 15322K [0x00000000d5580000, 0x00000000d6700000, 0x0000000100000000)
  eden space 14848K, 99% used [0x00000000d5580000,0x00000000d63f8330,0x00000000d6400000)
  from space 512K, 98% used [0x00000000d6580000,0x00000000d65fe510,0x00000000d6600000)
  to   space 1536K, 0% used [0x00000000d6400000,0x00000000d6400000,0x00000000d6580000)
 ParOldGen       total 68608K, used 53259K [0x0000000080000000, 0x0000000084300000, 0x00000000d5580000)
  object space 68608K, 77% used [0x0000000080000000,0x0000000083402dd8,0x0000000084300000)
 Metaspace       used 54120K, committed 55424K, reserved 1114112K
  class space    used 5808K, committed 6336K, reserved 1048576K
}
Event: 52.626 GC heap after
{Heap after GC invocations=55 (full 2):
 PSYoungGen      total 15360K, used 448K [0x00000000d5580000, 0x00000000d6600000, 0x0000000100000000)
  eden space 14848K, 0% used [0x00000000d5580000,0x00000000d5580000,0x00000000d6400000)
  from space 512K, 87% used [0x00000000d6400000,0x00000000d6470000,0x00000000d6480000)
  to   space 1024K, 0% used [0x00000000d6500000,0x00000000d6500000,0x00000000d6600000)
 ParOldGen       total 68608K, used 53603K [0x0000000080000000, 0x0000000084300000, 0x00000000d5580000)
  object space 68608K, 78% used [0x0000000080000000,0x0000000083458e48,0x0000000084300000)
 Metaspace       used 54120K, committed 55424K, reserved 1114112K
  class space    used 5808K, committed 6336K, reserved 1048576K
}
Event: 52.940 GC heap before
{Heap before GC invocations=56 (full 2):
 PSYoungGen      total 15360K, used 15262K [0x00000000d5580000, 0x00000000d6600000, 0x0000000100000000)
  eden space 14848K, 99% used [0x00000000d5580000,0x00000000d63f7a38,0x00000000d6400000)
  from space 512K, 87% used [0x00000000d6400000,0x00000000d6470000,0x00000000d6480000)
  to   space 1024K, 0% used [0x00000000d6500000,0x00000000d6500000,0x00000000d6600000)
 ParOldGen       total 68608K, used 53603K [0x0000000080000000, 0x0000000084300000, 0x00000000d5580000)
  object space 68608K, 78% used [0x0000000080000000,0x0000000083458e48,0x0000000084300000)
 Metaspace       used 54749K, committed 56000K, reserved 1114112K
  class space    used 5889K, committed 6400K, reserved 1048576K
}
Event: 52.941 GC heap after
{Heap after GC invocations=56 (full 2):
 PSYoungGen      total 15360K, used 320K [0x00000000d5580000, 0x00000000d6580000, 0x0000000100000000)
  eden space 14848K, 0% used [0x00000000d5580000,0x00000000d5580000,0x00000000d6400000)
  from space 512K, 62% used [0x00000000d6500000,0x00000000d6550000,0x00000000d6580000)
  to   space 512K, 0% used [0x00000000d6400000,0x00000000d6400000,0x00000000d6480000)
 ParOldGen       total 68608K, used 53851K [0x0000000080000000, 0x0000000084300000, 0x00000000d5580000)
  object space 68608K, 78% used [0x0000000080000000,0x0000000083496e78,0x0000000084300000)
 Metaspace       used 54749K, committed 56000K, reserved 1114112K
  class space    used 5889K, committed 6400K, reserved 1048576K
}
Event: 53.254 GC heap before
{Heap before GC invocations=57 (full 2):
 PSYoungGen      total 15360K, used 15168K [0x00000000d5580000, 0x00000000d6580000, 0x0000000100000000)
  eden space 14848K, 100% used [0x00000000d5580000,0x00000000d6400000,0x00000000d6400000)
  from space 512K, 62% used [0x00000000d6500000,0x00000000d6550000,0x00000000d6580000)
  to   space 512K, 0% used [0x00000000d6400000,0x00000000d6400000,0x00000000d6480000)
 ParOldGen       total 68608K, used 53851K [0x0000000080000000, 0x0000000084300000, 0x00000000d5580000)
  object space 68608K, 78% used [0x0000000080000000,0x0000000083496e78,0x0000000084300000)
 Metaspace       used 55992K, committed 57280K, reserved 1114112K
  class space    used 6031K, committed 6592K, reserved 1048576K
}
Event: 53.255 GC heap after
{Heap after GC invocations=57 (full 2):
 PSYoungGen      total 15360K, used 512K [0x00000000d5580000, 0x00000000d6600000, 0x0000000100000000)
  eden space 14848K, 0% used [0x00000000d5580000,0x00000000d5580000,0x00000000d6400000)
  from space 512K, 100% used [0x00000000d6400000,0x00000000d6480000,0x00000000d6480000)
  to   space 1024K, 0% used [0x00000000d6500000,0x00000000d6500000,0x00000000d6600000)
 ParOldGen       total 68608K, used 54043K [0x0000000080000000, 0x0000000084300000, 0x00000000d5580000)
  object space 68608K, 78% used [0x0000000080000000,0x00000000834c6e78,0x0000000084300000)
 Metaspace       used 55992K, committed 57280K, reserved 1114112K
  class space    used 6031K, committed 6592K, reserved 1048576K
}
Event: 53.361 GC heap before
{Heap before GC invocations=58 (full 2):
 PSYoungGen      total 15360K, used 15360K [0x00000000d5580000, 0x00000000d6600000, 0x0000000100000000)
  eden space 14848K, 100% used [0x00000000d5580000,0x00000000d6400000,0x00000000d6400000)
  from space 512K, 100% used [0x00000000d6400000,0x00000000d6480000,0x00000000d6480000)
  to   space 1024K, 0% used [0x00000000d6500000,0x00000000d6500000,0x00000000d6600000)
 ParOldGen       total 68608K, used 54043K [0x0000000080000000, 0x0000000084300000, 0x00000000d5580000)
  object space 68608K, 78% used [0x0000000080000000,0x00000000834c6e78,0x0000000084300000)
 Metaspace       used 56348K, committed 57664K, reserved 1114112K
  class space    used 6061K, committed 6592K, reserved 1048576K
}
Event: 53.363 GC heap after
{Heap after GC invocations=58 (full 2):
 PSYoungGen      total 13824K, used 1007K [0x00000000d5580000, 0x00000000d6a00000, 0x0000000100000000)
  eden space 12800K, 0% used [0x00000000d5580000,0x00000000d5580000,0x00000000d6200000)
  from space 1024K, 98% used [0x00000000d6500000,0x00000000d65fbda8,0x00000000d6600000)
  to   space 3072K, 0% used [0x00000000d6200000,0x00000000d6200000,0x00000000d6500000)
 ParOldGen       total 68608K, used 55431K [0x0000000080000000, 0x0000000084300000, 0x00000000d5580000)
  object space 68608K, 80% used [0x0000000080000000,0x0000000083621fb0,0x0000000084300000)
 Metaspace       used 56348K, committed 57664K, reserved 1114112K
  class space    used 6061K, committed 6592K, reserved 1048576K
}
Event: 53.411 GC heap before
{Heap before GC invocations=59 (full 2):
 PSYoungGen      total 13824K, used 13807K [0x00000000d5580000, 0x00000000d6a00000, 0x0000000100000000)
  eden space 12800K, 100% used [0x00000000d5580000,0x00000000d6200000,0x00000000d6200000)
  from space 1024K, 98% used [0x00000000d6500000,0x00000000d65fbda8,0x00000000d6600000)
  to   space 3072K, 0% used [0x00000000d6200000,0x00000000d6200000,0x00000000d6500000)
 ParOldGen       total 68608K, used 55431K [0x0000000080000000, 0x0000000084300000, 0x00000000d5580000)
  object space 68608K, 80% used [0x0000000080000000,0x0000000083621fb0,0x0000000084300000)
 Metaspace       used 56358K, committed 57664K, reserved 1114112K
  class space    used 6061K, committed 6592K, reserved 1048576K
}
Event: 53.413 GC heap after
{Heap after GC invocations=59 (full 2):
 PSYoungGen      total 14336K, used 1124K [0x00000000d5580000, 0x00000000d6600000, 0x0000000100000000)
  eden space 12800K, 0% used [0x00000000d5580000,0x00000000d5580000,0x00000000d6200000)
  from space 1536K, 73% used [0x00000000d6200000,0x00000000d6319158,0x00000000d6380000)
  to   space 2048K, 0% used [0x00000000d6400000,0x00000000d6400000,0x00000000d6600000)
 ParOldGen       total 68608K, used 55960K [0x0000000080000000, 0x0000000084300000, 0x00000000d5580000)
  object space 68608K, 81% used [0x0000000080000000,0x00000000836a6028,0x0000000084300000)
 Metaspace       used 56358K, committed 57664K, reserved 1114112K
  class space    used 6061K, committed 6592K, reserved 1048576K
}
Event: 53.490 GC heap before
{Heap before GC invocations=60 (full 2):
 PSYoungGen      total 14336K, used 13924K [0x00000000d5580000, 0x00000000d6600000, 0x0000000100000000)
  eden space 12800K, 100% used [0x00000000d5580000,0x00000000d6200000,0x00000000d6200000)
  from space 1536K, 73% used [0x00000000d6200000,0x00000000d6319158,0x00000000d6380000)
  to   space 2048K, 0% used [0x00000000d6400000,0x00000000d6400000,0x00000000d6600000)
 ParOldGen       total 68608K, used 55960K [0x0000000080000000, 0x0000000084300000, 0x00000000d5580000)
  object space 68608K, 81% used [0x0000000080000000,0x00000000836a6028,0x0000000084300000)
 Metaspace       used 56927K, committed 58240K, reserved 1114112K
  class space    used 6110K, committed 6656K, reserved 1048576K
}
Event: 53.491 GC heap after
{Heap after GC invocations=60 (full 2):
 PSYoungGen      total 13312K, used 224K [0x00000000d5580000, 0x00000000d6480000, 0x0000000100000000)
  eden space 12800K, 0% used [0x00000000d5580000,0x00000000d5580000,0x00000000d6200000)
  from space 512K, 43% used [0x00000000d6400000,0x00000000d6438000,0x00000000d6480000)
  to   space 1024K, 0% used [0x00000000d6280000,0x00000000d6280000,0x00000000d6380000)
 ParOldGen       total 68608K, used 55976K [0x0000000080000000, 0x0000000084300000, 0x00000000d5580000)
  object space 68608K, 81% used [0x0000000080000000,0x00000000836aa028,0x0000000084300000)
 Metaspace       used 56927K, committed 58240K, reserved 1114112K
  class space    used 6110K, committed 6656K, reserved 1048576K
}
Event: 909.241 GC heap before
{Heap before GC invocations=61 (full 2):
 PSYoungGen      total 13312K, used 13024K [0x00000000d5580000, 0x00000000d6480000, 0x0000000100000000)
  eden space 12800K, 100% used [0x00000000d5580000,0x00000000d6200000,0x00000000d6200000)
  from space 512K, 43% used [0x00000000d6400000,0x00000000d6438000,0x00000000d6480000)
  to   space 1024K, 0% used [0x00000000d6280000,0x00000000d6280000,0x00000000d6380000)
 ParOldGen       total 68608K, used 55976K [0x0000000080000000, 0x0000000084300000, 0x00000000d5580000)
  object space 68608K, 81% used [0x0000000080000000,0x00000000836aa028,0x0000000084300000)
 Metaspace       used 58058K, committed 59392K, reserved 1114112K
  class space    used 6233K, committed 6848K, reserved 1048576K
}
Event: 909.300 GC heap after
{Heap after GC invocations=61 (full 2):
 PSYoungGen      total 13824K, used 672K [0x00000000d5580000, 0x00000000d6480000, 0x0000000100000000)
  eden space 12800K, 0% used [0x00000000d5580000,0x00000000d5580000,0x00000000d6200000)
  from space 1024K, 65% used [0x00000000d6280000,0x00000000d6328020,0x00000000d6380000)
  to   space 1024K, 0% used [0x00000000d6380000,0x00000000d6380000,0x00000000d6480000)
 ParOldGen       total 68608K, used 56040K [0x0000000080000000, 0x0000000084300000, 0x00000000d5580000)
  object space 68608K, 81% used [0x0000000080000000,0x00000000836ba028,0x0000000084300000)
 Metaspace       used 58058K, committed 59392K, reserved 1114112K
  class space    used 6233K, committed 6848K, reserved 1048576K
}
Event: 1290.455 GC heap before
{Heap before GC invocations=62 (full 2):
 PSYoungGen      total 13824K, used 13472K [0x00000000d5580000, 0x00000000d6480000, 0x0000000100000000)
  eden space 12800K, 100% used [0x00000000d5580000,0x00000000d6200000,0x00000000d6200000)
  from space 1024K, 65% used [0x00000000d6280000,0x00000000d6328020,0x00000000d6380000)
  to   space 1024K, 0% used [0x00000000d6380000,0x00000000d6380000,0x00000000d6480000)
 ParOldGen       total 68608K, used 56040K [0x0000000080000000, 0x0000000084300000, 0x00000000d5580000)
  object space 68608K, 81% used [0x0000000080000000,0x00000000836ba028,0x0000000084300000)
 Metaspace       used 58169K, committed 59584K, reserved 1114112K
  class space    used 6233K, committed 6848K, reserved 1048576K
}
Event: 1290.467 GC heap after
{Heap after GC invocations=62 (full 2):
 PSYoungGen      total 13312K, used 224K [0x00000000d5580000, 0x00000000d6400000, 0x0000000100000000)
  eden space 12800K, 0% used [0x00000000d5580000,0x00000000d5580000,0x00000000d6200000)
  from space 512K, 43% used [0x00000000d6380000,0x00000000d63b8000,0x00000000d6400000)
  to   space 512K, 0% used [0x00000000d6300000,0x00000000d6300000,0x00000000d6380000)
 ParOldGen       total 68608K, used 56536K [0x0000000080000000, 0x0000000084300000, 0x00000000d5580000)
  object space 68608K, 82% used [0x0000000080000000,0x0000000083736218,0x0000000084300000)
 Metaspace       used 58169K, committed 59584K, reserved 1114112K
  class space    used 6233K, committed 6848K, reserved 1048576K
}

