# JRE version: OpenJDK Runtime Environment Temurin-21.0.9+10 (21.0.9+10) (build 21.0.9+10-LTS)
# Java VM: OpenJDK 64-Bit Server VM Temurin-21.0.9+10 (21.0.9+10-LTS, mixed mode, sharing, tiered, compressed oops, compressed class ptrs, parallel gc, windows-amd64)
GC Precious Log:
 CardTable entry size: 512
 CPUs: 8 total, 8 available
 Memory: 7379M
 Large Page Support: Disabled
 NUMA Support: Disabled
 Compressed Oops: Enabled (32-bit)
 Alignments: Space 512K, Generation 512K, Heap 2M
 Heap Min Capacity: 100M
 Heap Initial Capacity: 100M
 Heap Max Capacity: 2G
 Pre-touch: Disabled
 Parallel Workers: 8
Heap:
 PSYoungGen      total 3072K, used 991K [0x00000000d5580000, 0x00000000d5a80000, 0x0000000100000000)
  eden space 2560K, 29% used [0x00000000d5580000,0x00000000d563ff48,0x00000000d5800000)
  from space 512K, 43% used [0x00000000d5980000,0x00000000d59b8000,0x00000000d5a00000)
  to   space 512K, 0% used [0x00000000d5a00000,0x00000000d5a00000,0x00000000d5a80000)
 ParOldGen       total 717824K, used 188005K [0x0000000080000000, 0x00000000abd00000, 0x00000000d5580000)
  object space 717824K, 26% used [0x0000000080000000,0x000000008b799478,0x00000000abd00000)
 Metaspace       used 59319K, committed 60672K, reserved 1114112K
  class space    used 6297K, committed 6848K, reserved 1048576K
GC Heap History (20 events):
Event: 1542.618 GC heap before
{Heap before GC invocations=961 (full 3):
 PSYoungGen      total 3072K, used 2816K [0x00000000d5580000, 0x00000000d5a80000, 0x0000000100000000)
  eden space 2560K, 100% used [0x00000000d5580000,0x00000000d5800000,0x00000000d5800000)
  from space 512K, 50% used [0x00000000d5980000,0x00000000d59c0000,0x00000000d5a00000)
  to   space 512K, 0% used [0x00000000d5a00000,0x00000000d5a00000,0x00000000d5a80000)
 ParOldGen       total 717824K, used 187237K [0x0000000080000000, 0x00000000abd00000, 0x00000000d5580000)
  object space 717824K, 26% used [0x0000000080000000,0x000000008b6d9458,0x00000000abd00000)
 Metaspace       used 59211K, committed 60672K, reserved 1114112K
  class space    used 6296K, committed 6848K, reserved 1048576K
}
Event: 1542.625 GC heap after
{Heap after GC invocations=961 (full 3):
 PSYoungGen      total 3072K, used 256K [0x00000000d5580000, 0x00000000d5a80000, 0x0000000100000000)
  eden space 2560K, 0% used [0x00000000d5580000,0x00000000d5580000,0x00000000d5800000)
  from space 512K, 50% used [0x00000000d5a00000,0x00000000d5a40000,0x00000000d5a80000)
  to   space 512K, 0% used [0x00000000d5980000,0x00000000d5980000,0x00000000d5a00000)
 ParOldGen       total 717824K, used 187301K [0x0000000080000000, 0x00000000abd00000, 0x00000000d5580000)
  object space 717824K, 26% used [0x0000000080000000,0x000000008b6e9458,0x00000000abd00000)
 Metaspace       used 59211K, committed 60672K, reserved 1114112K
  class space    used 6296K, committed 6848K, reserved 1048576K
}
Event: 2502.074 GC heap before
{Heap before GC invocations=962 (full 3):
 PSYoungGen      total 3072K, used 2816K [0x00000000d5580000, 0x00000000d5a80000, 0x0000000100000000)
  eden space 2560K, 100% used [0x00000000d5580000,0x00000000d5800000,0x00000000d5800000)
  from space 512K, 50% used [0x00000000d5a00000,0x00000000d5a40000,0x00000000d5a80000)
  to   space 512K, 0% used [0x00000000d5980000,0x00000000d5980000,0x00000000d5a00000)
 ParOldGen       total 717824K, used 187301K [0x0000000080000000, 0x00000000abd00000, 0x00000000d5580000)
  object space 717824K, 26% used [0x0000000080000000,0x000000008b6e9458,0x00000000abd00000)
 Metaspace       used 59234K, committed 60672K, reserved 1114112K
  class space    used 6296K, committed 6848K, reserved 1048576K
}
Event: 2502.388 GC heap after
{Heap after GC invocations=962 (full 3):
 PSYoungGen      total 3072K, used 224K [0x00000000d5580000, 0x00000000d5a80000, 0x0000000100000000)
  eden space 2560K, 0% used [0x00000000d5580000,0x00000000d5580000,0x00000000d5800000)
  from space 512K, 43% used [0x00000000d5980000,0x00000000d59b8000,0x00000000d5a00000)
  to   space 512K, 0% used [0x00000000d5a00000,0x00000000d5a00000,0x00000000d5a80000)
 ParOldGen       total 717824K, used 187365K [0x0000000080000000, 0x00000000abd00000, 0x00000000d5580000)
  object space 717824K, 26% used [0x0000000080000000,0x000000008b6f9458,0x00000000abd00000)
 Metaspace       used 59234K, committed 60672K, reserved 1114112K
  class space    used 6296K, committed 6848K, reserved 1048576K
}
Event: 2514.626 GC heap before
{Heap before GC invocations=963 (full 3):
 PSYoungGen      total 3072K, used 2784K [0x00000000d5580000, 0x00000000d5a80000, 0x0000000100000000)
  eden space 2560K, 100% used [0x00000000d5580000,0x00000000d5800000,0x00000000d5800000)
  from space 512K, 43% used [0x00000000d5980000,0x00000000d59b8000,0x00000000d5a00000)
  to   space 512K, 0% used [0x00000000d5a00000,0x00000000d5a00000,0x00000000d5a80000)
 ParOldGen       total 717824K, used 187365K [0x0000000080000000, 0x00000000abd00000, 0x00000000d5580000)
  object space 717824K, 26% used [0x0000000080000000,0x000000008b6f9458,0x00000000abd00000)
 Metaspace       used 59238K, committed 60672K, reserved 1114112K
  class space    used 6296K, committed 6848K, reserved 1048576K
}
Event: 2514.850 GC heap after
{Heap after GC invocations=963 (full 3):
 PSYoungGen      total 3072K, used 192K [0x00000000d5580000, 0x00000000d5a80000, 0x0000000100000000)
  eden space 2560K, 0% used [0x00000000d5580000,0x00000000d5580000,0x00000000d5800000)
  from space 512K, 37% used [0x00000000d5a00000,0x00000000d5a30000,0x00000000d5a80000)
  to   space 512K, 0% used [0x00000000d5980000,0x00000000d5980000,0x00000000d5a00000)
 ParOldGen       total 717824K, used 187421K [0x0000000080000000, 0x00000000abd00000, 0x00000000d5580000)
  object space 717824K, 26% used [0x0000000080000000,0x000000008b707458,0x00000000abd00000)
 Metaspace       used 59238K, committed 60672K, reserved 1114112K
  class space    used 6296K, committed 6848K, reserved 1048576K
}
Event: 2542.259 GC heap before
{Heap before GC invocations=964 (full 3):
 PSYoungGen      total 3072K, used 2752K [0x00000000d5580000, 0x00000000d5a80000, 0x0000000100000000)
  eden space 2560K, 100% used [0x00000000d5580000,0x00000000d5800000,0x00000000d5800000)
  from space 512K, 37% used [0x00000000d5a00000,0x00000000d5a30000,0x00000000d5a80000)
  to   space 512K, 0% used [0x00000000d5980000,0x00000000d5980000,0x00000000d5a00000)
 ParOldGen       total 717824K, used 187421K [0x0000000080000000, 0x00000000abd00000, 0x00000000d5580000)
  object space 717824K, 26% used [0x0000000080000000,0x000000008b707458,0x00000000abd00000)
 Metaspace       used 59247K, committed 60672K, reserved 1114112K
  class space    used 6296K, committed 6848K, reserved 1048576K
}
Event: 2542.266 GC heap after
{Heap after GC invocations=964 (full 3):
 PSYoungGen      total 3072K, used 320K [0x00000000d5580000, 0x00000000d5a80000, 0x0000000100000000)
  eden space 2560K, 0% used [0x00000000d5580000,0x00000000d5580000,0x00000000d5800000)
  from space 512K, 62% used [0x00000000d5980000,0x00000000d59d0020,0x00000000d5a00000)
  to   space 512K, 0% used [0x00000000d5a00000,0x00000000d5a00000,0x00000000d5a80000)
 ParOldGen       total 717824K, used 187525K [0x0000000080000000, 0x00000000abd00000, 0x00000000d5580000)
  object space 717824K, 26% used [0x0000000080000000,0x000000008b721458,0x00000000abd00000)
 Metaspace       used 59247K, committed 60672K, reserved 1114112K
  class space    used 6296K, committed 6848K, reserved 1048576K
}
Event: 2548.091 GC heap before
{Heap before GC invocations=965 (full 3):
 PSYoungGen      total 3072K, used 2880K [0x00000000d5580000, 0x00000000d5a80000, 0x0000000100000000)
  eden space 2560K, 100% used [0x00000000d5580000,0x00000000d5800000,0x00000000d5800000)
  from space 512K, 62% used [0x00000000d5980000,0x00000000d59d0020,0x00000000d5a00000)
  to   space 512K, 0% used [0x00000000d5a00000,0x00000000d5a00000,0x00000000d5a80000)
 ParOldGen       total 717824K, used 187525K [0x0000000080000000, 0x00000000abd00000, 0x00000000d5580000)
  object space 717824K, 26% used [0x0000000080000000,0x000000008b721458,0x00000000abd00000)
 Metaspace       used 59251K, committed 60672K, reserved 1114112K
  class space    used 6296K, committed 6848K, reserved 1048576K
}
Event: 2548.101 GC heap after
{Heap after GC invocations=965 (full 3):
 PSYoungGen      total 3072K, used 192K [0x00000000d5580000, 0x00000000d5a80000, 0x0000000100000000)
  eden space 2560K, 0% used [0x00000000d5580000,0x00000000d5580000,0x00000000d5800000)
  from space 512K, 37% used [0x00000000d5a00000,0x00000000d5a30000,0x00000000d5a80000)
  to   space 512K, 0% used [0x00000000d5980000,0x00000000d5980000,0x00000000d5a00000)
 ParOldGen       total 717824K, used 187653K [0x0000000080000000, 0x00000000abd00000, 0x00000000d5580000)
  object space 717824K, 26% used [0x0000000080000000,0x000000008b741478,0x00000000abd00000)
 Metaspace       used 59251K, committed 60672K, reserved 1114112K
  class space    used 6296K, committed 6848K, reserved 1048576K
}
Event: 2605.948 GC heap before
{Heap before GC invocations=966 (full 3):
 PSYoungGen      total 3072K, used 2752K [0x00000000d5580000, 0x00000000d5a80000, 0x0000000100000000)
  eden space 2560K, 100% used [0x00000000d5580000,0x00000000d5800000,0x00000000d5800000)
  from space 512K, 37% used [0x00000000d5a00000,0x00000000d5a30000,0x00000000d5a80000)
  to   space 512K, 0% used [0x00000000d5980000,0x00000000d5980000,0x00000000d5a00000)
 ParOldGen       total 717824K, used 187653K [0x0000000080000000, 0x00000000abd00000, 0x00000000d5580000)
  object space 717824K, 26% used [0x0000000080000000,0x000000008b741478,0x00000000abd00000)
 Metaspace       used 59268K, committed 60672K, reserved 1114112K
  class space    used 6296K, committed 6848K, reserved 1048576K
}
Event: 2606.181 GC heap after
{Heap after GC invocations=966 (full 3):
 PSYoungGen      total 3072K, used 192K [0x00000000d5580000, 0x00000000d5a80000, 0x0000000100000000)
  eden space 2560K, 0% used [0x00000000d5580000,0x00000000d5580000,0x00000000d5800000)
  from space 512K, 37% used [0x00000000d5980000,0x00000000d59b0000,0x00000000d5a00000)
  to   space 512K, 0% used [0x00000000d5a00000,0x00000000d5a00000,0x00000000d5a80000)
 ParOldGen       total 717824K, used 187717K [0x0000000080000000, 0x00000000abd00000, 0x00000000d5580000)
  object space 717824K, 26% used [0x0000000080000000,0x000000008b751478,0x00000000abd00000)
 Metaspace       used 59268K, committed 60672K, reserved 1114112K
  class space    used 6296K, committed 6848K, reserved 1048576K
}
Event: 2609.829 GC heap before
{Heap before GC invocations=967 (full 3):
 PSYoungGen      total 3072K, used 2752K [0x00000000d5580000, 0x00000000d5a80000, 0x0000000100000000)
  eden space 2560K, 100% used [0x00000000d5580000,0x00000000d5800000,0x00000000d5800000)
  from space 512K, 37% used [0x00000000d5980000,0x00000000d59b0000,0x00000000d5a00000)
  to   space 512K, 0% used [0x00000000d5a00000,0x00000000d5a00000,0x00000000d5a80000)
 ParOldGen       total 717824K, used 187717K [0x0000000080000000, 0x00000000abd00000, 0x00000000d5580000)
  object space 717824K, 26% used [0x0000000080000000,0x000000008b751478,0x00000000abd00000)
 Metaspace       used 59278K, committed 60672K, reserved 1114112K
  class space    used 6296K, committed 6848K, reserved 1048576K
}
Event: 2609.837 GC heap after
{Heap after GC invocations=967 (full 3):
 PSYoungGen      total 3072K, used 288K [0x00000000d5580000, 0x00000000d5a80000, 0x0000000100000000)
  eden space 2560K, 0% used [0x00000000d5580000,0x00000000d5580000,0x00000000d5800000)
  from space 512K, 56% used [0x00000000d5a00000,0x00000000d5a48000,0x00000000d5a80000)
  to   space 512K, 0% used [0x00000000d5980000,0x00000000d5980000,0x00000000d5a00000)
 ParOldGen       total 717824K, used 187781K [0x0000000080000000, 0x00000000abd00000, 0x00000000d5580000)
  object space 717824K, 26% used [0x0000000080000000,0x000000008b761478,0x00000000abd00000)
 Metaspace       used 59278K, committed 60672K, reserved 1114112K
  class space    used 6296K, committed 6848K, reserved 1048576K
}
Event: 2613.787 GC heap before
{Heap before GC invocations=968 (full 3):
 PSYoungGen      total 3072K, used 2848K [0x00000000d5580000, 0x00000000d5a80000, 0x0000000100000000)
  eden space 2560K, 100% used [0x00000000d5580000,0x00000000d5800000,0x00000000d5800000)
  from space 512K, 56% used [0x00000000d5a00000,0x00000000d5a48000,0x00000000d5a80000)
  to   space 512K, 0% used [0x00000000d5980000,0x00000000d5980000,0x00000000d5a00000)
 ParOldGen       total 717824K, used 187781K [0x0000000080000000, 0x00000000abd00000, 0x00000000d5580000)
  object space 717824K, 26% used [0x0000000080000000,0x000000008b761478,0x00000000abd00000)
 Metaspace       used 59282K, committed 60672K, reserved 1114112K
  class space    used 6296K, committed 6848K, reserved 1048576K
}
Event: 2613.792 GC heap after
{Heap after GC invocations=968 (full 3):
 PSYoungGen      total 3072K, used 224K [0x00000000d5580000, 0x00000000d5a80000, 0x0000000100000000)
  eden space 2560K, 0% used [0x00000000d5580000,0x00000000d5580000,0x00000000d5800000)
  from space 512K, 43% used [0x00000000d5980000,0x00000000d59b8000,0x00000000d5a00000)
  to   space 512K, 0% used [0x00000000d5a00000,0x00000000d5a00000,0x00000000d5a80000)
 ParOldGen       total 717824K, used 187869K [0x0000000080000000, 0x00000000abd00000, 0x00000000d5580000)
  object space 717824K, 26% used [0x0000000080000000,0x000000008b777478,0x00000000abd00000)
 Metaspace       used 59282K, committed 60672K, reserved 1114112K
  class space    used 6296K, committed 6848K, reserved 1048576K
}
Event: 2839.705 GC heap before
{Heap before GC invocations=969 (full 3):
 PSYoungGen      total 3072K, used 2784K [0x00000000d5580000, 0x00000000d5a80000, 0x0000000100000000)
  eden space 2560K, 100% used [0x00000000d5580000,0x00000000d5800000,0x00000000d5800000)
  from space 512K, 43% used [0x00000000d5980000,0x00000000d59b8000,0x00000000d5a00000)
  to   space 512K, 0% used [0x00000000d5a00000,0x00000000d5a00000,0x00000000d5a80000)
 ParOldGen       total 717824K, used 187869K [0x0000000080000000, 0x00000000abd00000, 0x00000000d5580000)
  object space 717824K, 26% used [0x0000000080000000,0x000000008b777478,0x00000000abd00000)
 Metaspace       used 59305K, committed 60672K, reserved 1114112K
  class space    used 6297K, committed 6848K, reserved 1048576K
}
Event: 2839.942 GC heap after
{Heap after GC invocations=969 (full 3):
 PSYoungGen      total 3072K, used 224K [0x00000000d5580000, 0x00000000d5a80000, 0x0000000100000000)
  eden space 2560K, 0% used [0x00000000d5580000,0x00000000d5580000,0x00000000d5800000)
  from space 512K, 43% used [0x00000000d5a00000,0x00000000d5a38000,0x00000000d5a80000)
  to   space 512K, 0% used [0x00000000d5980000,0x00000000d5980000,0x00000000d5a00000)
 ParOldGen       total 717824K, used 187901K [0x0000000080000000, 0x00000000abd00000, 0x00000000d5580000)
  object space 717824K, 26% used [0x0000000080000000,0x000000008b77f478,0x00000000abd00000)
 Metaspace       used 59305K, committed 60672K, reserved 1114112K
  class space    used 6297K, committed 6848K, reserved 1048576K
}
Event: 2847.954 GC heap before
{Heap before GC invocations=970 (full 3):
 PSYoungGen      total 3072K, used 2784K [0x00000000d5580000, 0x00000000d5a80000, 0x0000000100000000)
  eden space 2560K, 100% used [0x00000000d5580000,0x00000000d5800000,0x00000000d5800000)
  from space 512K, 43% used [0x00000000d5a00000,0x00000000d5a38000,0x00000000d5a80000)
  to   space 512K, 0% used [0x00000000d5980000,0x00000000d5980000,0x00000000d5a00000)
 ParOldGen       total 717824K, used 187901K [0x0000000080000000, 0x00000000abd00000, 0x00000000d5580000)
  object space 717824K, 26% used [0x0000000080000000,0x000000008b77f478,0x00000000abd00000)
 Metaspace       used 59306K, committed 60672K, reserved 1114112K
  class space    used 6297K, committed 6848K, reserved 1048576K
}
Event: 2847.959 GC heap after
{Heap after GC invocations=970 (full 3):
 PSYoungGen      total 3072K, used 224K [0x00000000d5580000, 0x00000000d5a80000, 0x0000000100000000)
  eden space 2560K, 0% used [0x00000000d5580000,0x00000000d5580000,0x00000000d5800000)
  from space 512K, 43% used [0x00000000d5980000,0x00000000d59b8000,0x00000000d5a00000)
  to   space 512K, 0% used [0x00000000d5a00000,0x00000000d5a00000,0x00000000d5a80000)
 ParOldGen       total 717824K, used 188005K [0x0000000080000000, 0x00000000abd00000, 0x00000000d5580000)
  object space 717824K, 26% used [0x0000000080000000,0x000000008b799478,0x00000000abd00000)
 Metaspace       used 59306K, committed 60672K, reserved 1114112K
  class space    used 6297K, committed 6848K, reserved 1048576K
}

